<?xml version="1.0" encoding="UTF-8"?>
<!-- Generated by org.testng.reporters.JUnitReportReporter -->
<testsuite skipped="0" hostname="MECHANICALPC" name="co.api.testscripts.AddBulkDataByFrameWork" tests="1" failures="0" timestamp="23 Jun 2020 05:52:34 GMT" time="2.267" errors="0">
  <testcase name="checkBulkDataByFW" time="2.267" classname="co.api.testscripts.AddBulkDataByFrameWork"/>
</testsuite> <!-- co.api.testscripts.AddBulkDataByFrameWork -->
