<?xml version="1.0" encoding="UTF-8"?>
<!-- Generated by org.testng.reporters.JUnitReportReporter -->
<testsuite hostname="MECHANICALPC" name="co.api.testscripts.FetchAllPosts" tests="1" failures="0" timestamp="20 Jun 2020 09:14:10 GMT" time="1.390" errors="0">
  <testcase name="checkFetchAllPosts" time="1.390" classname="co.api.testscripts.FetchAllPosts"/>
</testsuite> <!-- co.api.testscripts.FetchAllPosts -->
