<?xml version="1.0" encoding="UTF-8"?>
<!-- Generated by org.testng.reporters.JUnitReportReporter -->
<testsuite skipped="0" hostname="MECHANICALPC" name="co.api.testscripts.PATCH_UpdatePartially" tests="1" failures="0" timestamp="20 Jun 2020 14:30:30 GMT" time="1.862" errors="0">
  <testcase name="checkPartialUpdate" time="1.862" classname="co.api.testscripts.PATCH_UpdatePartially"/>
</testsuite> <!-- co.api.testscripts.PATCH_UpdatePartially -->
