<?xml version="1.0" encoding="UTF-8"?>
<!-- Generated by org.testng.reporters.JUnitReportReporter -->
<testsuite skipped="0" hostname="MECHANICALPC" name="co.api.testscripts.FetchAllcountryTest" tests="1" failures="0" timestamp="22 Jun 2020 06:41:41 GMT" time="3.802" errors="0">
  <testcase name="checkAllCountries" time="3.802" classname="co.api.testscripts.FetchAllcountryTest"/>
</testsuite> <!-- co.api.testscripts.FetchAllcountryTest -->
