<?xml version="1.0" encoding="UTF-8"?>
<!-- Generated by org.testng.reporters.JUnitReportReporter -->
<testsuite skipped="0" hostname="MECHANICALPC" name="co.api.testscripts.AddBulkData" tests="1" failures="0" timestamp="22 Jun 2020 07:07:26 GMT" time="3.049" errors="0">
  <testcase name="checkBulkPosting" time="3.049" classname="co.api.testscripts.AddBulkData"/>
</testsuite> <!-- co.api.testscripts.AddBulkData -->
